Writing to ./exported_scene.obj
Blender 4.1.0 (hash 40a5e739e270 built 2024-04-01 01:05:08)
Read blend: "/home/cguser/Desktop/CS434CG/scene/scene.blend"
OBJ export of 'exported_scene.obj' took 1.56 ms

Blender quit
loading object  0
loading object  1
MESA: error: ZINK: vkCreateInstance failed (VK_ERROR_INCOMPATIBLE_DRIVER)
glx: failed to create drisw screen
processed 57600 pixels in 121 s. Time per pixel: 2.109 ms
Saving with antialiasing factor: 1
saved as BMP
Writing to ./exported_scene.obj
Blender 4.1.0 (hash 40a5e739e270 built 2024-04-01 01:05:08)
Read blend: "/home/cguser/Desktop/CS434CG/scene/scene.blend"
OBJ export of 'exported_scene.obj' took 1.96 ms

Blender quit
loading object  0
loading object  1
MESA: error: ZINK: vkCreateInstance failed (VK_ERROR_INCOMPATIBLE_DRIVER)
glx: failed to create drisw screen
